<?xml version="1.0" encoding="utf-8"?><testsuites><testsuite name="pytest" errors="0" failures="6" skipped="0" tests="12" time="9.568" timestamp="2026-02-24T15:02:11.074133" hostname="HYPERFOCUSzone"><testcase classname="tests.test_agent_crew" name="test_orchestrator_health" time="1.501" /><testcase classname="tests.test_agent_crew" name="test_agents_status" time="1.464"><failure message="assert 'project-strategist' in &quot;['project_strategist', 'frontend_specialist', 'backend_specialist', 'database_architect', 'qa_engineer', 'devops_engineer', 'security_engineer', 'system_architect']&quot;&#10; +  where &quot;['project_strategist', 'frontend_specialist', 'backend_specialist', 'database_architect', 'qa_engineer', 'devops_engineer', 'security_engineer', 'system_architect']&quot; = str(['project_strategist', 'frontend_specialist', 'backend_specialist', 'database_architect', 'qa_engineer', 'devops_engineer', ...])">@pytest.mark.asyncio
    async def test_agents_status():
        """Test that all agents are reachable"""
        async with httpx.AsyncClient() as client:
            response = await client.get(f"{ORCHESTRATOR_URL}/agents/status")
            assert response.status_code == 200
            agents = response.json()
    
            # Should have all 8 agents
            assert len(agents) == 8
    
            # Check critical agents are online
            agent_names = [a["agent"] for a in agents]
&gt;           assert "project-strategist" in str(agent_names)
E           assert 'project-strategist' in "['project_strategist', 'frontend_specialist', 'backend_specialist', 'database_architect', 'qa_engineer', 'devops_engineer', 'security_engineer', 'system_architect']"
E            +  where "['project_strategist', 'frontend_specialist', 'backend_specialist', 'database_architect', 'qa_engineer', 'devops_engineer', 'security_engineer', 'system_architect']" = str(['project_strategist', 'frontend_specialist', 'backend_specialist', 'database_architect', 'qa_engineer', 'devops_engineer', ...])

tests\test_agent_crew.py:33: AssertionError</failure></testcase><testcase classname="tests.test_agent_crew" name="test_plan_feature" time="1.182" /><testcase classname="tests.test_agent_crew" name="test_workflow_creation" time="1.149" /><testcase classname="tests.test_agent_crew" name="test_agent_direct_execution" time="0.910"><failure message="assert 404 in [200, 503]&#10; +  where 404 = &lt;Response [404 Not Found]&gt;.status_code">@pytest.mark.asyncio
    async def test_agent_direct_execution():
        """Test direct agent execution"""
        async with httpx.AsyncClient(timeout=30.0) as client:
            response = await client.post(
                f"{ORCHESTRATOR_URL}/agent/frontend-specialist/execute",
                json={
                    "agent": "frontend-specialist",
                    "message": "Create a button component",
                    "context": {}
                }
            )
            # May fail if agent is busy, but should not return 404
&gt;           assert response.status_code in [200, 503]
E           assert 404 in [200, 503]
E            +  where 404 = &lt;Response [404 Not Found]&gt;.status_code

tests\test_agent_crew.py:82: AssertionError</failure></testcase><testcase classname="tests.functional.test_coder_capabilities" name="test_coder_agent_hello_world" time="1.187"><failure message="SystemExit: 2">self = &lt;TyperGroup &gt;
args = ['type', 'http_version', 'method', 'path', 'raw_path', 'root_path', ...]
prog_name = 'python -m pytest', complete_var = None, standalone_mode = True
windows_expand_args = True, rich_markup_mode = 'rich', extra = {}
ctx = &lt;click.core.Context object at 0x0000019A1F8746E0&gt;

    def _main(
        self: click.Command,
        *,
        args: Sequence[str] | None = None,
        prog_name: str | None = None,
        complete_var: str | None = None,
        standalone_mode: bool = True,
        windows_expand_args: bool = True,
        rich_markup_mode: MarkupMode = DEFAULT_MARKUP_MODE,
        **extra: Any,
    ) -&gt; Any:
        # Typer override, duplicated from click.main() to handle custom rich exceptions
        # Verify that the environment is configured correctly, or reject
        # further execution to avoid a broken script.
        if args is None:
            args = sys.argv[1:]
    
            # Covered in Click tests
            if os.name == "nt" and windows_expand_args:  # pragma: no cover
                args = click.utils._expand_args(args)
        else:
            args = list(args)
    
        if prog_name is None:
            prog_name = click.utils._detect_program_name()
    
        # Process shell completion requests and exit early.
        self._main_shell_completion(extra, prog_name, complete_var)
    
        try:
            try:
                with self.make_context(prog_name, args, **extra) as ctx:
&gt;                   rv = self.invoke(ctx)

.venv\Lib\site-packages\typer\core.py:188: 
_ _ _ _ _ _ _ _ _ _ _ _ _ _ _ _ _ _ _ _ _ _ _ _ _ _ _ _ _ _ _ _ _ _ _ _ _ _ _ _
.venv\Lib\site-packages\click\core.py:1867: in invoke
    cmd_name, cmd, args = self.resolve_command(ctx, args)
.venv\Lib\site-packages\typer\core.py:773: in resolve_command
    return super().resolve_command(ctx, args)
.venv\Lib\site-packages\click\core.py:1931: in resolve_command
    ctx.fail(_("No such command {name!r}.").format(name=original_cmd_name))
_ _ _ _ _ _ _ _ _ _ _ _ _ _ _ _ _ _ _ _ _ _ _ _ _ _ _ _ _ _ _ _ _ _ _ _ _ _ _ _

self = &lt;click.core.Context object at 0x0000019A1F8746E0&gt;
message = "No such command 'type'."

    def fail(self, message: str) -&gt; t.NoReturn:
        """Aborts the execution of the program with a specific error
        message.
    
        :param message: the error message to fail with.
        """
&gt;       raise UsageError(message, self)
E       click.exceptions.UsageError: No such command 'type'.

.venv\Lib\site-packages\click\core.py:724: UsageError

During handling of the above exception, another exception occurred:

    @pytest.mark.asyncio
    async def test_coder_agent_hello_world():
        settings = get_settings()
        api_key = settings.API_KEY or "dev-key-123" # Use dev key if unset
    
        # 1. Register a fake "User" agent to initiate chat (or just use direct API)
        # Actually, we can just use the Chat API to talk to the system.
        # But to test specific Coder Agent capabilities, we usually route via the Core.
    
        # Let's assume the Coder Agent is already registered in the system with a specific tag or ID.
        # For this test, we will verify the "Chat" endpoint which uses the LLM Service.
        # Since the Coder Agent is an "Agent", we might want to talk TO it.
    
        # Simple check: Call the Chat Endpoint
        from fastapi.testclient import TestClient
        from main import app
    
        client = TestClient(app)
    
        payload = {
            "messages": [
                {"role": "user", "content": "Write a python function that prints Hello World"}
            ],
            "model": "gpt-3.5-turbo"
        }
    
        # Note: If no LLM key is configured, this might 500 or return mock.
        # We expect a response or a specific error handling.
    
        headers = {"X-API-Key": api_key}
&gt;       response = client.post("/agents/chat", json=payload, headers=headers)

tests\functional\test_coder_capabilities.py:45: 
_ _ _ _ _ _ _ _ _ _ _ _ _ _ _ _ _ _ _ _ _ _ _ _ _ _ _ _ _ _ _ _ _ _ _ _ _ _ _ _
.venv\Lib\site-packages\starlette\testclient.py:546: in post
    return super().post(
.venv\Lib\site-packages\httpx\_client.py:1144: in post
    return self.request(
.venv\Lib\site-packages\starlette\testclient.py:445: in request
    return super().request(
.venv\Lib\site-packages\httpx\_client.py:825: in request
    return self.send(request, auth=auth, follow_redirects=follow_redirects)
.venv\Lib\site-packages\httpx\_client.py:914: in send
    response = self._send_handling_auth(
.venv\Lib\site-packages\httpx\_client.py:942: in _send_handling_auth
    response = self._send_handling_redirects(
.venv\Lib\site-packages\httpx\_client.py:979: in _send_handling_redirects
    response = self._send_single_request(request)
.venv\Lib\site-packages\httpx\_client.py:1014: in _send_single_request
    response = transport.handle_request(request)
.venv\Lib\site-packages\starlette\testclient.py:348: in handle_request
    raise exc
.venv\Lib\site-packages\starlette\testclient.py:345: in handle_request
    portal.call(self.app, scope, receive, send)
.venv\Lib\site-packages\anyio\from_thread.py:334: in call
    return cast(T_Retval, self.start_task_soon(func, *args).result())
C:\Python313\Lib\concurrent\futures\_base.py:456: in result
    return self.__get_result()
C:\Python313\Lib\concurrent\futures\_base.py:401: in __get_result
    raise self._exception
C:\Python313\Lib\asyncio\base_events.py:683: in run_forever
    self._run_once()
C:\Python313\Lib\asyncio\base_events.py:2042: in _run_once
    handle._run()
C:\Python313\Lib\asyncio\events.py:89: in _run
    self._context.run(self._callback, *self._args)
.venv\Lib\site-packages\anyio\from_thread.py:259: in _call_func
    retval = await retval_or_awaitable
.venv\Lib\site-packages\starlette\testclient.py:70: in __call__
    instance = self.app(scope)
.venv\Lib\site-packages\typer\main.py:1135: in __call__
    return get_command(self)(*args, **kwargs)
.venv\Lib\site-packages\click\core.py:1485: in __call__
    return self.main(*args, **kwargs)
.venv\Lib\site-packages\typer\core.py:795: in main
    return _main(
_ _ _ _ _ _ _ _ _ _ _ _ _ _ _ _ _ _ _ _ _ _ _ _ _ _ _ _ _ _ _ _ _ _ _ _ _ _ _ _

self = &lt;TyperGroup &gt;
args = ['type', 'http_version', 'method', 'path', 'raw_path', 'root_path', ...]
prog_name = 'python -m pytest', complete_var = None, standalone_mode = True
windows_expand_args = True, rich_markup_mode = 'rich', extra = {}
ctx = &lt;click.core.Context object at 0x0000019A1F8746E0&gt;

    def _main(
        self: click.Command,
        *,
        args: Sequence[str] | None = None,
        prog_name: str | None = None,
        complete_var: str | None = None,
        standalone_mode: bool = True,
        windows_expand_args: bool = True,
        rich_markup_mode: MarkupMode = DEFAULT_MARKUP_MODE,
        **extra: Any,
    ) -&gt; Any:
        # Typer override, duplicated from click.main() to handle custom rich exceptions
        # Verify that the environment is configured correctly, or reject
        # further execution to avoid a broken script.
        if args is None:
            args = sys.argv[1:]
    
            # Covered in Click tests
            if os.name == "nt" and windows_expand_args:  # pragma: no cover
                args = click.utils._expand_args(args)
        else:
            args = list(args)
    
        if prog_name is None:
            prog_name = click.utils._detect_program_name()
    
        # Process shell completion requests and exit early.
        self._main_shell_completion(extra, prog_name, complete_var)
    
        try:
            try:
                with self.make_context(prog_name, args, **extra) as ctx:
                    rv = self.invoke(ctx)
                    if not standalone_mode:
                        return rv
                    # it's not safe to `ctx.exit(rv)` here!
                    # note that `rv` may actually contain data like "1" which
                    # has obvious effects
                    # more subtle case: `rv=[None, None]` can come out of
                    # chained commands which all returned `None` -- so it's not
                    # even always obvious that `rv` indicates success/failure
                    # by its truthiness/falsiness
                    ctx.exit()
            except EOFError as e:
                click.echo(file=sys.stderr)
                raise click.Abort() from e
            except KeyboardInterrupt as e:
                raise click.exceptions.Exit(130) from e
            except click.ClickException as e:
                if not standalone_mode:
                    raise
                # Typer override
                if HAS_RICH and rich_markup_mode is not None:
                    from . import rich_utils
    
                    rich_utils.rich_format_error(e)
                else:
                    e.show()
                # Typer override end
&gt;               sys.exit(e.exit_code)
E               SystemExit: 2

.venv\Lib\site-packages\typer\core.py:215: SystemExit</failure></testcase><testcase classname="tests.integration.test_websocket_integration" name="test_websocket_connection" time="0.076"><failure message="Failed: WebSocket connection failed: server rejected WebSocket connection: HTTP 404">@pytest.mark.asyncio
    async def test_websocket_connection():
        """
        Verify that we can establish a WebSocket connection
        and receive the initial connection success message/state.
        """
        try:
&gt;           async with websockets.connect(WS_URL) as websocket:

tests\integration\test_websocket_integration.py:19: 
_ _ _ _ _ _ _ _ _ _ _ _ _ _ _ _ _ _ _ _ _ _ _ _ _ _ _ _ _ _ _ _ _ _ _ _ _ _ _ _
.venv\Lib\site-packages\websockets\asyncio\client.py:590: in __aenter__
    return await self
.venv\Lib\site-packages\websockets\asyncio\client.py:546: in __await_impl__
    await self.connection.handshake(
.venv\Lib\site-packages\websockets\asyncio\client.py:115: in handshake
    raise self.protocol.handshake_exc
.venv\Lib\site-packages\websockets\client.py:327: in parse
    self.process_response(response)
_ _ _ _ _ _ _ _ _ _ _ _ _ _ _ _ _ _ _ _ _ _ _ _ _ _ _ _ _ _ _ _ _ _ _ _ _ _ _ _

self = &lt;websockets.client.ClientProtocol object at 0x0000019A1FBED160&gt;
response = Response(status_code=404, reason_phrase='Not Found', headers=Headers([('date', 'Tue, 24 Feb 2026 15:02:19 GMT'), ('ser...22'), ('content-type', 'application/json')]), body=bytearray(b'{"detail":"Not Found"}'), _exception=InvalidStatus(...))

    def process_response(self, response: Response) -&gt; None:
        """
        Check a handshake response.
    
        Args:
            request: WebSocket handshake response received from the server.
    
        Raises:
            InvalidHandshake: If the handshake response is invalid.
    
        """
    
        if response.status_code != 101:
&gt;           raise InvalidStatus(response)
E           websockets.exceptions.InvalidStatus: server rejected WebSocket connection: HTTP 404

.venv\Lib\site-packages\websockets\client.py:144: InvalidStatus

During handling of the above exception, another exception occurred:

    @pytest.mark.asyncio
    async def test_websocket_connection():
        """
        Verify that we can establish a WebSocket connection
        and receive the initial connection success message/state.
        """
        try:
            async with websockets.connect(WS_URL) as websocket:
                # Send a ping to verify bidirectional communication
                await websocket.send("ping")
                response = await websocket.recv()
                assert response == "pong"
        except Exception as e:
&gt;           pytest.fail(f"WebSocket connection failed: {e}")
E           Failed: WebSocket connection failed: server rejected WebSocket connection: HTTP 404

tests\integration\test_websocket_integration.py:25: Failed</failure></testcase><testcase classname="tests.integration.test_websocket_integration" name="test_realtime_task_update" time="0.022"><failure message="websockets.exceptions.InvalidStatus: server rejected WebSocket connection: HTTP 404">@pytest.mark.asyncio
    async def test_realtime_task_update():
        """
        Verify that creating a task via REST API triggers a
        real-time notification on the WebSocket.
        """
        task_payload = {
            "task": "Integration Test Task",
            "context": {"env": "test"},
            "priority": "high"
        }
    
&gt;       async with websockets.connect(WS_URL) as websocket:

tests\integration\test_websocket_integration.py:39: 
_ _ _ _ _ _ _ _ _ _ _ _ _ _ _ _ _ _ _ _ _ _ _ _ _ _ _ _ _ _ _ _ _ _ _ _ _ _ _ _
.venv\Lib\site-packages\websockets\asyncio\client.py:590: in __aenter__
    return await self
.venv\Lib\site-packages\websockets\asyncio\client.py:546: in __await_impl__
    await self.connection.handshake(
.venv\Lib\site-packages\websockets\asyncio\client.py:115: in handshake
    raise self.protocol.handshake_exc
.venv\Lib\site-packages\websockets\client.py:327: in parse
    self.process_response(response)
_ _ _ _ _ _ _ _ _ _ _ _ _ _ _ _ _ _ _ _ _ _ _ _ _ _ _ _ _ _ _ _ _ _ _ _ _ _ _ _

self = &lt;websockets.client.ClientProtocol object at 0x0000019A1F893C50&gt;
response = Response(status_code=404, reason_phrase='Not Found', headers=Headers([('date', 'Tue, 24 Feb 2026 15:02:19 GMT'), ('ser...22'), ('content-type', 'application/json')]), body=bytearray(b'{"detail":"Not Found"}'), _exception=InvalidStatus(...))

    def process_response(self, response: Response) -&gt; None:
        """
        Check a handshake response.
    
        Args:
            request: WebSocket handshake response received from the server.
    
        Raises:
            InvalidHandshake: If the handshake response is invalid.
    
        """
    
        if response.status_code != 101:
&gt;           raise InvalidStatus(response)
E           websockets.exceptions.InvalidStatus: server rejected WebSocket connection: HTTP 404

.venv\Lib\site-packages\websockets\client.py:144: InvalidStatus</failure></testcase><testcase classname="tests.integration.test_websocket_integration" name="test_workflow_broadcast" time="0.020"><failure message="websockets.exceptions.InvalidStatus: server rejected WebSocket connection: HTTP 404">@pytest.mark.asyncio
    async def test_workflow_broadcast():
        """
        Verify that starting a workflow broadcasts an event.
        """
        workflow_payload = {
            "workflow_type": "feature",
            "description": "Test Workflow Broadcast",
            "requirements": {}
        }
    
&gt;       async with websockets.connect(WS_URL) as websocket:

tests\integration\test_websocket_integration.py:78: 
_ _ _ _ _ _ _ _ _ _ _ _ _ _ _ _ _ _ _ _ _ _ _ _ _ _ _ _ _ _ _ _ _ _ _ _ _ _ _ _
.venv\Lib\site-packages\websockets\asyncio\client.py:590: in __aenter__
    return await self
.venv\Lib\site-packages\websockets\asyncio\client.py:546: in __await_impl__
    await self.connection.handshake(
.venv\Lib\site-packages\websockets\asyncio\client.py:115: in handshake
    raise self.protocol.handshake_exc
.venv\Lib\site-packages\websockets\client.py:327: in parse
    self.process_response(response)
_ _ _ _ _ _ _ _ _ _ _ _ _ _ _ _ _ _ _ _ _ _ _ _ _ _ _ _ _ _ _ _ _ _ _ _ _ _ _ _

self = &lt;websockets.client.ClientProtocol object at 0x0000019A1FC74B90&gt;
response = Response(status_code=404, reason_phrase='Not Found', headers=Headers([('date', 'Tue, 24 Feb 2026 15:02:19 GMT'), ('ser...22'), ('content-type', 'application/json')]), body=bytearray(b'{"detail":"Not Found"}'), _exception=InvalidStatus(...))

    def process_response(self, response: Response) -&gt; None:
        """
        Check a handshake response.
    
        Args:
            request: WebSocket handshake response received from the server.
    
        Raises:
            InvalidHandshake: If the handshake response is invalid.
    
        """
    
        if response.status_code != 101:
&gt;           raise InvalidStatus(response)
E           websockets.exceptions.InvalidStatus: server rejected WebSocket connection: HTTP 404

.venv\Lib\site-packages\websockets\client.py:144: InvalidStatus</failure></testcase><testcase classname="cli.tests.test_jira_generator" name="test_json_generation_story" time="0.003" /><testcase classname="cli.tests.test_jira_generator" name="test_csv_generation" time="0.003" /><testcase classname="cli.tests.test_jira_generator" name="test_validation_required_fields" time="0.008" /></testsuite></testsuites>