<?xml version="1.0" encoding="utf-8"?><testsuites><testsuite name="pytest" errors="1" failures="0" skipped="0" tests="1" time="1.351" timestamp="2026-02-24T14:05:53.629232" hostname="HYPERFOCUSzone"><testcase classname="" name="tests.functional.test_coder_capabilities" time="0.000"><error message="collection failure">ImportError while importing test module 'C:\Users\Lyndz\Downloads\HyperFocus-IDE-BROski-v1\tests\functional\test_coder_capabilities.py'.
Hint: make sure your test modules/packages have valid Python names.
Traceback:
C:\Python313\Lib\importlib\__init__.py:88: in import_module
    return _bootstrap._gcd_import(name[level:], package, level)
tests\functional\test_coder_capabilities.py:7: in &lt;module&gt;
    from app.core.config import get_settings
E   ModuleNotFoundError: No module named 'app.core.config'</error></testcase></testsuite></testsuites>